
-----
Test: tests/test_autohrization.py::test_authorization (call)
Start time: 2024-02-18 22:11:39.290345
Start name method: authorization

End time: 2024-02-18 22:11:50.679040
End name method: authorization
URL: https://lmslite47vr.demo.mirapolis.ru/mira/#&s=A9JscUrw5Qwg5pcsG2UB&stype=nps&name=%D0%93%D0%BB%D0%B0%D0%B2%D0%BD%D0%B0%D1%8F+%D1%81%D1%82%D1%80%D0%B0%D0%BD%D0%B8%D1%86%D0%B0&doaction=Go&id=0&type=myMeasureList

-----

-----
Test: tests/test_autohrization.py::test_authorization_and_show_password (call)
Start time: 2024-02-18 22:11:59.569109
Start name method: authorization_and_show_password

End time: 2024-02-18 22:12:15.534104
End name method: authorization_and_show_password
URL: https://lmslite47vr.demo.mirapolis.ru/mira/#&s=nyDqzEk3MyeqksVaU39Y&stype=nps&name=%D0%93%D0%BB%D0%B0%D0%B2%D0%BD%D0%B0%D1%8F+%D1%81%D1%82%D1%80%D0%B0%D0%BD%D0%B8%D1%86%D0%B0&doaction=Go&id=0&type=myMeasureList

-----

-----
Test: tests/test_autohrization.py::test_authorization_and_forgot_password (call)
Start time: 2024-02-18 22:12:24.155972
Start name method: authorization_and_forgot_password

End time: 2024-02-18 22:12:30.914613
End name method: authorization_and_forgot_password
URL: https://lmslite47vr.demo.mirapolis.ru/mira//Do?doaction=Go&s=dZNt32Z5XcuRnTZeMdFc&id=0&type=remindpassword

-----

-----
Test: tests/test_autohrization.py::test_authorization_no_valid (call)
Start time: 2024-02-18 22:12:39.532781
Start name method: authorization_no_valid

